--- searchWebPage Debug ---
URL: https://github.com/unslothai/unsloth/issues/1679
Query: "unsloth cuda 12.8"
lowerText length: 92967
queryWords: [unsloth, cuda, 12.8]
anyWordPresent: true
--- End searchWebPage Debug ---

--- searchWebPage Error ---
URL: https://stackoverflow.com/questions/78420830/unsloth-not-detecting-cuda-and-str2optimizer32bit
Error: Request failed with status code 403
--- End searchWebPage Error ---

--- searchWebPage Debug ---
URL: https://docs.unsloth.ai/get-started/installing-+-updating/conda-install
Query: "unsloth cuda 12.8"
lowerText length: 146639
queryWords: [unsloth, cuda, 12.8]
anyWordPresent: true
--- End searchWebPage Debug ---

--- searchWebPage Debug ---
URL: https://github.com/unslothai/unsloth/issues/2499
Query: "unsloth cuda 12.8"
lowerText length: 125688
queryWords: [unsloth, cuda, 12.8]
anyWordPresent: true
--- End searchWebPage Debug ---

--- searchWebPage Debug ---
URL: https://docs.unsloth.ai/get-started/installing-+-updating/pip-install
Query: "unsloth cuda 12.8"
lowerText length: 200488
queryWords: [unsloth, cuda, 12.8]
anyWordPresent: true
--- End searchWebPage Debug ---

--- searchWebPage Debug ---
URL: https://github.com/unslothai/unsloth/issues/1995
Query: "unsloth cuda 12.8"
lowerText length: 100497
queryWords: [unsloth, cuda, 12.8]
anyWordPresent: true
--- End searchWebPage Debug ---

--- searchWebPage Debug ---
URL: https://github.com/unslothai/unsloth/issues/412
Query: "unsloth cuda 12.8"
lowerText length: 117549
queryWords: [unsloth, cuda, 12.8]
anyWordPresent: true
--- End searchWebPage Debug ---

--- searchWebPage Debug ---
URL: https://codesandbox.io/p/github/ZeroXClem/unsloth
Query: "unsloth cuda 12.8"
lowerText length: 1420
queryWords: [unsloth, cuda, 12.8]
anyWordPresent: false
--- End searchWebPage Debug ---

--- searchWebPage Debug ---
URL: https://docs.nvidia.com/cuda/cuda-toolkit-release-notes/index.html
Query: "unsloth cuda 12.8"
lowerText length: 79526
queryWords: [unsloth, cuda, 12.8]
anyWordPresent: true
--- End searchWebPage Debug ---

--- searchWebPage Debug ---
URL: https://forums.developer.nvidia.com/t/unsloth-sfttrainer-failed-due-to-triton-assertion-error-on-agx-orin-when-batch-size-1/325030
Query: "unsloth cuda 12.8"
lowerText length: 21148
queryWords: [unsloth, cuda, 12.8]
anyWordPresent: true
--- End searchWebPage Debug ---

--- searchWebPage Debug ---
URL: https://huggingface.co/docs/huggingface_hub/en/guides/manage-cache
Query: "what is hf_cache/xet folder used for huggingface"
lowerText length: 36384
queryWords: [what, is, hf_cache/xet, folder, used, for, huggingface]
anyWordPresent: true
--- End searchWebPage Debug ---

--- searchWebPage Debug ---
URL: https://huggingface.co/docs/datasets/en/cache
Query: "what is hf_cache/xet folder used for huggingface"
lowerText length: 8553
queryWords: [what, is, hf_cache/xet, folder, used, for, huggingface]
anyWordPresent: true
--- End searchWebPage Debug ---

--- searchWebPage Debug ---
URL: https://huggingface.co/docs/huggingface_hub/en/package_reference/environment_variables
Query: "what is hf_cache/xet folder used for huggingface"
lowerText length: 16284
queryWords: [what, is, hf_cache/xet, folder, used, for, huggingface]
anyWordPresent: true
--- End searchWebPage Debug ---

--- searchWebPage Debug ---
URL: https://github.com/huggingface/xet-core
Query: "what is hf_cache/xet folder used for huggingface"
lowerText length: 60272
queryWords: [what, is, hf_cache/xet, folder, used, for, huggingface]
anyWordPresent: true
--- End searchWebPage Debug ---

--- searchWebPage Debug ---
URL: https://benjijang.com/posts/2024/01/shared-hf-cache/
Query: "what is hf_cache/xet folder used for huggingface"
lowerText length: 6572
queryWords: [what, is, hf_cache/xet, folder, used, for, huggingface]
anyWordPresent: true
--- End searchWebPage Debug ---

--- searchWebPage Debug ---
URL: https://huggingface.co/docs/huggingface_hub/v0.34.3/guides/manage-cache
Query: "what is hf_cache/xet folder used for huggingface"
lowerText length: 36467
queryWords: [what, is, hf_cache/xet, folder, used, for, huggingface]
anyWordPresent: true
--- End searchWebPage Debug ---

--- searchWebPage Debug ---
URL: https://stackoverflow.com/questions/63312859/how-to-change-huggingface-transformers-default-cache-directory
Query: "what is hf_cache/xet folder used for huggingface"
lowerText length: 105693
queryWords: [what, is, hf_cache/xet, folder, used, for, huggingface]
anyWordPresent: true
--- End searchWebPage Debug ---

--- searchWebPage Debug ---
URL: https://huggingface.co/docs/hub/en/storage-backends
Query: "what is hf_cache/xet folder used for huggingface"
lowerText length: 15996
queryWords: [what, is, hf_cache/xet, folder, used, for, huggingface]
anyWordPresent: true
--- End searchWebPage Debug ---

--- searchWebPage Debug ---
URL: https://huggingface.co/docs/huggingface_hub/en/guides/download
Query: "what is hf_cache/xet folder used for huggingface"
lowerText length: 14002
queryWords: [what, is, hf_cache/xet, folder, used, for, huggingface]
anyWordPresent: true
--- End searchWebPage Debug ---

--- searchWebPage Debug ---
URL: https://huggingface.co/blog/xet-on-the-hub
Query: "what is hf_cache/xet folder used for huggingface"
lowerText length: 14526
queryWords: [what, is, hf_cache/xet, folder, used, for, huggingface]
anyWordPresent: true
--- End searchWebPage Debug ---

--- searchWebPage Debug ---
URL: https://github.com/RooCodeInc/Roo-Code/issues/4678
Query: "rooveterinaryinc.roo-cline task history storage"
lowerText length: 106167
queryWords: [rooveterinaryinc.roo-cline, task, history, storage]
anyWordPresent: true
--- End searchWebPage Debug ---

--- searchWebPage Debug ---
URL: https://github.com/RooCodeInc/Roo-Code/issues/4482
Query: "rooveterinaryinc.roo-cline task history storage"
lowerText length: 79581
queryWords: [rooveterinaryinc.roo-cline, task, history, storage]
anyWordPresent: true
--- End searchWebPage Debug ---

--- searchWebPage Debug ---
URL: https://hamaruki.com/exploring-roo-cline-conversation-history/
Query: "rooveterinaryinc.roo-cline task history storage"
lowerText length: 18313
queryWords: [rooveterinaryinc.roo-cline, task, history, storage]
anyWordPresent: true
--- End searchWebPage Debug ---

--- searchWebPage Debug ---
URL: https://open-vsx.org/extension/RooVeterinaryInc/roo-cline
Query: "rooveterinaryinc.roo-cline task history storage"
lowerText length: 195
queryWords: [rooveterinaryinc.roo-cline, task, history, storage]
anyWordPresent: false
--- End searchWebPage Debug ---

--- searchWebPage Debug ---
URL: https://marketplace.visualstudio.com/items?itemName=RooVeterinaryInc.roo-cline
Query: "rooveterinaryinc.roo-cline task history storage"
lowerText length: 23986
queryWords: [rooveterinaryinc.roo-cline, task, history, storage]
anyWordPresent: true
--- End searchWebPage Debug ---

--- searchWebPage Debug ---
URL: https://www.onlydust.com/repositories/RooCodeInc/Roo-Code/issues/5955
Query: "rooveterinaryinc.roo-cline task history storage"
lowerText length: 71837
queryWords: [rooveterinaryinc.roo-cline, task, history, storage]
anyWordPresent: true
--- End searchWebPage Debug ---

--- searchWebPage Debug ---
URL: https://gist.github.com/xezzon/82e4014e4a334b048defe9a69cf81f48
Query: "rooveterinaryinc.roo-cline task history storage"
lowerText length: 33017
queryWords: [rooveterinaryinc.roo-cline, task, history, storage]
anyWordPresent: true
--- End searchWebPage Debug ---

--- searchWebPage Debug ---
URL: https://www.reddit.com/r/RooCode/comments/1kgxobk/why_was_roos_global_storage_70gb/
Query: "rooveterinaryinc.roo-cline task history storage"
lowerText length: 7469
queryWords: [rooveterinaryinc.roo-cline, task, history, storage]
anyWordPresent: true
--- End searchWebPage Debug ---

--- searchWebPage Error ---
URL: https://linux.do/t/topic/645294
Error: Request failed with status code 403
--- End searchWebPage Error ---

--- searchWebPage Debug ---
URL: https://github.com/teamgroove/Roo-Code
Query: "rooveterinaryinc.roo-cline task history storage"
lowerText length: 90167
queryWords: [rooveterinaryinc.roo-cline, task, history, storage]
anyWordPresent: true
--- End searchWebPage Debug ---

